** Drc report for USBhub-keyboard.kicad_pcb **
** Created on 2026-07-12T08:53:32 **
** Report includes: Errors, Warnings **

** Found 89 DRC violations **
[track_dangling]: Track has unconnected end
    Local override; warning
    @(146.8350 mm, 41.2550 mm): Track [GPIO16_SDA] on B.Cu, length 0.0990 mm
[silk_edge_clearance]: Silkscreen clipped by board edge
    Rule: 基板の設定のシルクスクリーンの制約; warning
    @(161.8450 mm, 39.7250 mm): Arc on Edge.Cuts
    @(164.1050 mm, 34.3550 mm): Reference field of REF**
[silk_edge_clearance]: Silkscreen clipped by board edge
    Rule: 基板の設定のシルクスクリーンの制約; warning
    @(88.1050 mm, 36.2739 mm): NPTH pad of J5
    @(87.8276 mm, 34.0468 mm): Segment of J5 on F.Silkscreen
[silk_edge_clearance]: Silkscreen clipped by board edge
    Rule: 基板の設定のシルクスクリーンの制約; warning
    @(88.1050 mm, 40.2739 mm): NPTH pad of J5
    @(87.8276 mm, 36.6977 mm): Segment of J5 on F.Silkscreen
[silk_edge_clearance]: Silkscreen clipped by board edge
    Rule: 基板の設定のシルクスクリーンの制約; warning
    @(88.1050 mm, 40.2739 mm): NPTH pad of J5
    @(87.8276 mm, 40.8032 mm): Segment of J5 on F.Silkscreen
[silk_edge_clearance]: Silkscreen clipped by board edge
    Rule: 基板の設定のシルクスクリーンの制約; warning
    @(96.7450 mm, 40.2739 mm): NPTH pad of J5
    @(96.2577 mm, 40.8032 mm): Segment of J5 on F.Silkscreen
[silk_edge_clearance]: Silkscreen clipped by board edge
    Rule: 基板の設定のシルクスクリーンの制約; warning
    @(96.7450 mm, 36.2739 mm): NPTH pad of J5
    @(97.0224 mm, 35.8500 mm): Segment of J5 on F.Silkscreen
[silk_edge_clearance]: Silkscreen clipped by board edge
    Rule: 基板の設定のシルクスクリーンの制約; warning
    @(96.7450 mm, 36.2739 mm): NPTH pad of J5
    @(97.0224 mm, 39.8501 mm): Segment of J5 on F.Silkscreen
[silk_edge_clearance]: Silkscreen clipped by board edge
    Rule: 基板の設定のシルクスクリーンの制約; warning
    @(82.2410 mm, 59.7750 mm): NPTH pad of J4
    @(80.0139 mm, 60.0524 mm): Segment of J4 on F.Silkscreen
[silk_edge_clearance]: Silkscreen clipped by board edge
    Rule: 基板の設定のシルクスクリーンの制約; warning
    @(82.2410 mm, 51.1350 mm): NPTH pad of J4
    @(81.8171 mm, 50.8576 mm): Segment of J4 on F.Silkscreen
[silk_edge_clearance]: Silkscreen clipped by board edge
    Rule: 基板の設定のシルクスクリーンの制約; warning
    @(82.2410 mm, 59.7750 mm): NPTH pad of J4
    @(82.6648 mm, 60.0524 mm): Segment of J4 on F.Silkscreen
[silk_edge_clearance]: Silkscreen clipped by board edge
    Rule: 基板の設定のシルクスクリーンの制約; warning
    @(82.2410 mm, 51.1350 mm): NPTH pad of J4
    @(85.8172 mm, 50.8576 mm): Segment of J4 on F.Silkscreen
[silk_edge_clearance]: Silkscreen clipped by board edge
    Rule: 基板の設定のシルクスクリーンの制約; warning
    @(86.2410 mm, 51.1350 mm): NPTH pad of J4
    @(86.7703 mm, 51.6223 mm): Segment of J4 on F.Silkscreen
[silk_edge_clearance]: Silkscreen clipped by board edge
    Rule: 基板の設定のシルクスクリーンの制約; warning
    @(86.2410 mm, 59.7750 mm): NPTH pad of J4
    @(86.7703 mm, 60.0524 mm): Segment of J4 on F.Silkscreen
[silk_edge_clearance]: Silkscreen clipped by board edge
    Rule: 基板の設定のシルクスクリーンの制約; warning
    @(85.8550 mm, 39.7250 mm): Arc on Edge.Cuts
    @(83.8850 mm, 34.5150 mm): Reference field of REF**
[hole_to_hole]: ドリル穴と他の穴が近過ぎる (基板の設定の制約 最小 0.2495 mm; 現状 0.0000 mm)
    Rule: 基板の設定の制約; warning
    @(89.2250 mm, 57.8550 mm): Via [Net-(C1-Pad1)] on F.Cu - B.Cu
    @(89.2350 mm, 57.8650 mm): Via [Net-(C1-Pad1)] on F.Cu - B.Cu
[silk_overlap]: Silkscreen clearance
    Rule: 基板の設定のシルクスクリーンの制約; warning
    @(160.6470 mm, 57.3400 mm): Segment of OL1 on F.Silkscreen
    @(159.0150 mm, 50.5950 mm): Segment of J1 on F.Silkscreen
[silk_overlap]: Silkscreen clearance
    Rule: 基板の設定のシルクスクリーンの制約; warning
    @(160.6470 mm, 57.3400 mm): Segment of OL1 on F.Silkscreen
    @(161.7750 mm, 50.5950 mm): Segment of J1 on F.Silkscreen
[silk_over_copper]: Silkscreen clipped by solder mask
    Local override; warning
    @(96.2577 mm, 40.8032 mm): Segment of J5 on F.Silkscreen
    @(96.7450 mm, 40.2739 mm): NPTH pad of J5
[silk_over_copper]: Silkscreen clipped by solder mask
    Local override; warning
    @(97.0224 mm, 35.8500 mm): Segment of J5 on F.Silkscreen
    @(96.7450 mm, 36.2739 mm): NPTH pad of J5
[silk_over_copper]: Silkscreen clipped by solder mask
    Local override; warning
    @(97.0224 mm, 39.8501 mm): Segment of J5 on F.Silkscreen
    @(96.7450 mm, 36.2739 mm): NPTH pad of J5
[silk_over_copper]: Silkscreen clipped by solder mask
    Local override; warning
    @(97.0224 mm, 39.8501 mm): Segment of J5 on F.Silkscreen
    @(96.7450 mm, 40.2739 mm): NPTH pad of J5
[silk_over_copper]: Silkscreen clipped by solder mask
    Local override; warning
    @(137.1250 mm, 37.4450 mm): Segment of OL1 on F.Silkscreen
    @(164.1050 mm, 37.5050 mm): NPTH pad of REF**
[silk_over_copper]: Silkscreen clipped by solder mask
    Local override; warning
    @(160.6470 mm, 57.3400 mm): Segment of OL1 on F.Silkscreen
    @(160.3950 mm, 56.9450 mm): PTH pad 4 [/SWCLK] of J1
[silk_over_copper]: Silkscreen clipped by solder mask
    Local override; warning
    @(160.6470 mm, 57.3400 mm): Segment of OL1 on F.Silkscreen
    @(160.3950 mm, 56.9450 mm): PTH pad 4 [/SWCLK] of J1
[silk_over_copper]: Silkscreen clipped by solder mask
    Local override; warning
    @(164.5250 mm, 37.4450 mm): Segment of OL1 on F.Silkscreen
    @(164.1050 mm, 37.5050 mm): NPTH pad of REF**
[silk_over_copper]: Silkscreen clipped by solder mask
    Local override; warning
    @(92.4250 mm, 40.8489 mm): Reference field of J5
    @(92.1750 mm, 40.8489 mm): Pad A7 [DDM2] of J5 on F.Cu
[silk_over_copper]: Silkscreen clipped by solder mask
    Local override; warning
    @(92.4250 mm, 40.8489 mm): Reference field of J5
    @(91.6750 mm, 40.8489 mm): Pad B6 [DDP2] of J5 on F.Cu
[silk_over_copper]: Silkscreen clipped by solder mask
    Local override; warning
    @(92.4250 mm, 40.8489 mm): Reference field of J5
    @(92.6750 mm, 40.8489 mm): Pad A6 [DDP2] of J5 on F.Cu
[silk_over_copper]: Silkscreen clipped by solder mask
    Local override; warning
    @(92.4250 mm, 40.8489 mm): Reference field of J5
    @(93.1750 mm, 40.8489 mm): Pad B7 [DDM2] of J5 on F.Cu
[silk_over_copper]: Silkscreen clipped by solder mask
    Local override; warning
    @(86.8160 mm, 55.4550 mm): Reference field of J4
    @(86.8160 mm, 55.2050 mm): Pad A6 [UDP] of J4 on F.Cu
[silk_over_copper]: Silkscreen clipped by solder mask
    Local override; warning
    @(86.8160 mm, 55.4550 mm): Reference field of J4
    @(86.8160 mm, 56.2050 mm): Pad B6 [UDP] of J4 on F.Cu
[silk_over_copper]: Silkscreen clipped by solder mask
    Local override; warning
    @(86.8160 mm, 55.4550 mm): Reference field of J4
    @(86.8160 mm, 55.7050 mm): Pad A7 [UDM] of J4 on F.Cu
[silk_over_copper]: Silkscreen clipped by solder mask
    Local override; warning
    @(80.0139 mm, 60.0524 mm): Segment of J4 on F.Silkscreen
    @(82.2410 mm, 59.7750 mm): NPTH pad of J4
[silk_over_copper]: Silkscreen clipped by solder mask
    Local override; warning
    @(82.6648 mm, 60.0524 mm): Segment of J4 on F.Silkscreen
    @(86.2410 mm, 59.7750 mm): NPTH pad of J4
[silk_over_copper]: Silkscreen clipped by solder mask
    Local override; warning
    @(82.6648 mm, 60.0524 mm): Segment of J4 on F.Silkscreen
    @(82.2410 mm, 59.7750 mm): NPTH pad of J4
[silk_over_copper]: Silkscreen clipped by solder mask
    Local override; warning
    @(86.7703 mm, 60.0524 mm): Segment of J4 on F.Silkscreen
    @(86.2410 mm, 59.7750 mm): NPTH pad of J4
[silk_over_copper]: Silkscreen clipped by solder mask
    Local override; warning
    @(86.8160 mm, 55.4550 mm): Reference field of J4
    @(86.8160 mm, 54.7050 mm): Pad B7 [UDM] of J4 on F.Cu
[silk_over_copper]: Silkscreen clipped by solder mask
    Local override; warning
    @(81.8171 mm, 50.8576 mm): Segment of J4 on F.Silkscreen
    @(82.2410 mm, 51.1350 mm): NPTH pad of J4
[silk_over_copper]: Silkscreen clipped by solder mask
    Local override; warning
    @(85.8172 mm, 50.8576 mm): Segment of J4 on F.Silkscreen
    @(82.2410 mm, 51.1350 mm): NPTH pad of J4
[silk_over_copper]: Silkscreen clipped by solder mask
    Local override; warning
    @(85.8172 mm, 50.8576 mm): Segment of J4 on F.Silkscreen
    @(86.2410 mm, 51.1350 mm): NPTH pad of J4
[silk_over_copper]: Silkscreen clipped by solder mask
    Local override; warning
    @(86.7703 mm, 51.6223 mm): Segment of J4 on F.Silkscreen
    @(86.2410 mm, 51.1350 mm): NPTH pad of J4
[silk_over_copper]: Silkscreen clipped by solder mask
    Local override; warning
    @(87.8276 mm, 34.0468 mm): Segment of J5 on F.Silkscreen
    @(88.1050 mm, 36.2739 mm): NPTH pad of J5
[silk_over_copper]: Silkscreen clipped by solder mask
    Local override; warning
    @(87.8276 mm, 36.6977 mm): Segment of J5 on F.Silkscreen
    @(88.1050 mm, 40.2739 mm): NPTH pad of J5
[silk_over_copper]: Silkscreen clipped by solder mask
    Local override; warning
    @(87.8276 mm, 36.6977 mm): Segment of J5 on F.Silkscreen
    @(88.1050 mm, 36.2739 mm): NPTH pad of J5
[silk_over_copper]: Silkscreen clipped by solder mask
    Local override; warning
    @(87.8276 mm, 40.8032 mm): Segment of J5 on F.Silkscreen
    @(88.1050 mm, 40.2739 mm): NPTH pad of J5
[silk_overlap]: Silkscreen clearance
    Rule: 基板の設定のシルクスクリーンの制約; warning
    @(99.3350 mm, 121.0550 mm): Segment of SW9 on B.Silkscreen
    @(94.7650 mm, 121.5650 mm): Reference field of D9
[silk_overlap]: Silkscreen clearance
    Rule: 基板の設定のシルクスクリーンの制約; warning
    @(94.7650 mm, 121.5650 mm): Reference field of D9
    @(90.4350 mm, 117.5550 mm): Polygon of SW9 on B.Silkscreen
[silk_overlap]: Silkscreen clearance
    Rule: 基板の設定のシルクスクリーンの制約; warning
    @(114.4425 mm, 121.6850 mm): Reference field of D10
    @(118.3850 mm, 121.0550 mm): Segment of SW10 on B.Silkscreen
[silk_overlap]: Silkscreen clearance
    Rule: 基板の設定のシルクスクリーンの制約; warning
    @(109.4850 mm, 117.5550 mm): Polygon of SW10 on B.Silkscreen
    @(114.4425 mm, 121.6850 mm): Reference field of D10
[silk_overlap]: Silkscreen clearance
    Rule: 基板の設定のシルクスクリーンの制約; warning
    @(134.3600 mm, 109.6537 mm): Segment of C14 on B.Silkscreen
    @(133.0600 mm, 109.3750 mm): Reference field of C23
[silk_overlap]: Silkscreen clearance
    Rule: 基板の設定のシルクスクリーンの制約; warning
    @(149.3650 mm, 46.0650 mm): Reference field of R11
    @(146.0475 mm, 45.9350 mm): Segment of BSW1 on B.Silkscreen
[silk_overlap]: Silkscreen clearance
    Rule: 基板の設定のシルクスクリーンの制約; warning
    @(146.0475 mm, 45.9350 mm): Segment of BSW1 on B.Silkscreen
    @(146.9150 mm, 46.2500 mm): Reference field of R10
[silk_overlap]: Silkscreen clearance
    Rule: 基板の設定のシルクスクリーンの制約; warning
    @(101.2150 mm, 59.1100 mm): Reference field of C13
    @(101.5350 mm, 59.9906 mm): Segment of C12 on B.Silkscreen
[silk_over_copper]: Silkscreen clipped by solder mask
    Local override; warning
    @(100.0650 mm, 130.0950 mm): Polygon of SW13 on B.Silkscreen
    @(91.4400 mm, 130.8100 mm): NPTH pad of SW13
[silk_over_copper]: Silkscreen clipped by solder mask
    Local override; warning
    @(100.0650 mm, 130.0950 mm): Polygon of SW13 on B.Silkscreen
    @(97.7900 mm, 128.2700 mm): NPTH pad of SW13
[silk_over_copper]: Silkscreen clipped by solder mask
    Local override; warning
    @(90.4350 mm, 117.5550 mm): Polygon of SW9 on B.Silkscreen
    @(99.0600 mm, 116.8400 mm): NPTH pad of SW9
[silk_over_copper]: Silkscreen clipped by solder mask
    Local override; warning
    @(90.4350 mm, 117.5550 mm): Polygon of SW9 on B.Silkscreen
    @(92.7100 mm, 119.3800 mm): NPTH pad of SW9
[silk_over_copper]: Silkscreen clipped by solder mask
    Local override; warning
    @(128.5350 mm, 117.5550 mm): Polygon of SW11 on B.Silkscreen
    @(130.8100 mm, 119.3800 mm): NPTH pad of SW11
[silk_over_copper]: Silkscreen clipped by solder mask
    Local override; warning
    @(128.5350 mm, 117.5550 mm): Polygon of SW11 on B.Silkscreen
    @(137.1600 mm, 116.8400 mm): NPTH pad of SW11
[silk_over_copper]: Silkscreen clipped by solder mask
    Local override; warning
    @(138.1650 mm, 130.0950 mm): Polygon of SW15 on B.Silkscreen
    @(129.5400 mm, 130.8100 mm): NPTH pad of SW15
[silk_over_copper]: Silkscreen clipped by solder mask
    Local override; warning
    @(138.1650 mm, 130.0950 mm): Polygon of SW15 on B.Silkscreen
    @(135.8900 mm, 128.2700 mm): NPTH pad of SW15
[silk_over_copper]: Silkscreen clipped by solder mask
    Local override; warning
    @(119.1150 mm, 130.0950 mm): Polygon of SW14 on B.Silkscreen
    @(110.4900 mm, 130.8100 mm): NPTH pad of SW14
[silk_over_copper]: Silkscreen clipped by solder mask
    Local override; warning
    @(119.1150 mm, 130.0950 mm): Polygon of SW14 on B.Silkscreen
    @(116.8400 mm, 128.2700 mm): NPTH pad of SW14
[silk_over_copper]: Silkscreen clipped by solder mask
    Local override; warning
    @(109.4850 mm, 117.5550 mm): Polygon of SW10 on B.Silkscreen
    @(118.1100 mm, 116.8400 mm): NPTH pad of SW10
[silk_over_copper]: Silkscreen clipped by solder mask
    Local override; warning
    @(109.4850 mm, 117.5550 mm): Polygon of SW10 on B.Silkscreen
    @(111.7600 mm, 119.3800 mm): NPTH pad of SW10
[silk_over_copper]: Silkscreen clipped by solder mask
    Local override; warning
    @(133.0600 mm, 109.3750 mm): Reference field of C23
    @(135.0950 mm, 108.9650 mm): Pad 1 [+1V1] of C14 on B.Cu
[silk_over_copper]: Silkscreen clipped by solder mask
    Local override; warning
    @(147.5850 mm, 117.5550 mm): Polygon of SW12 on B.Silkscreen
    @(156.2100 mm, 116.8400 mm): NPTH pad of SW12
[silk_over_copper]: Silkscreen clipped by solder mask
    Local override; warning
    @(147.5850 mm, 117.5550 mm): Polygon of SW12 on B.Silkscreen
    @(149.8600 mm, 119.3800 mm): NPTH pad of SW12
[silk_over_copper]: Silkscreen clipped by solder mask
    Local override; warning
    @(157.2150 mm, 130.0950 mm): Polygon of SW16 on B.Silkscreen
    @(154.9400 mm, 128.2700 mm): NPTH pad of SW16
[silk_over_copper]: Silkscreen clipped by solder mask
    Local override; warning
    @(157.2150 mm, 130.0950 mm): Polygon of SW16 on B.Silkscreen
    @(148.5900 mm, 130.8100 mm): NPTH pad of SW16
[silk_over_copper]: Silkscreen clipped by solder mask
    Local override; warning
    @(147.5850 mm, 79.4550 mm): Polygon of SW4 on B.Silkscreen
    @(149.8600 mm, 81.2800 mm): NPTH pad of SW4
[silk_over_copper]: Silkscreen clipped by solder mask
    Local override; warning
    @(147.5850 mm, 79.4550 mm): Polygon of SW4 on B.Silkscreen
    @(156.2100 mm, 78.7400 mm): NPTH pad of SW4
[silk_over_copper]: Silkscreen clipped by solder mask
    Local override; warning
    @(157.2150 mm, 91.9950 mm): Polygon of SW8 on B.Silkscreen
    @(148.5900 mm, 92.7100 mm): NPTH pad of SW8
[silk_over_copper]: Silkscreen clipped by solder mask
    Local override; warning
    @(157.2150 mm, 91.9950 mm): Polygon of SW8 on B.Silkscreen
    @(154.9400 mm, 90.1700 mm): NPTH pad of SW8
[silk_over_copper]: Silkscreen clipped by solder mask
    Local override; warning
    @(119.1150 mm, 91.9950 mm): Polygon of SW6 on B.Silkscreen
    @(110.4900 mm, 92.7100 mm): NPTH pad of SW6
[silk_over_copper]: Silkscreen clipped by solder mask
    Local override; warning
    @(119.1150 mm, 91.9950 mm): Polygon of SW6 on B.Silkscreen
    @(116.8400 mm, 90.1700 mm): NPTH pad of SW6
[silk_over_copper]: Silkscreen clipped by solder mask
    Local override; warning
    @(109.4850 mm, 79.4550 mm): Polygon of SW2 on B.Silkscreen
    @(118.1100 mm, 78.7400 mm): NPTH pad of SW2
[silk_over_copper]: Silkscreen clipped by solder mask
    Local override; warning
    @(109.4850 mm, 79.4550 mm): Polygon of SW2 on B.Silkscreen
    @(111.7600 mm, 81.2800 mm): NPTH pad of SW2
[silk_over_copper]: Silkscreen clipped by solder mask
    Local override; warning
    @(128.5350 mm, 79.4550 mm): Polygon of SW3 on B.Silkscreen
    @(137.1600 mm, 78.7400 mm): NPTH pad of SW3
[silk_over_copper]: Silkscreen clipped by solder mask
    Local override; warning
    @(128.5350 mm, 79.4550 mm): Polygon of SW3 on B.Silkscreen
    @(130.8100 mm, 81.2800 mm): NPTH pad of SW3
[silk_over_copper]: Silkscreen clipped by solder mask
    Local override; warning
    @(138.1650 mm, 91.9950 mm): Polygon of SW7 on B.Silkscreen
    @(129.5400 mm, 92.7100 mm): NPTH pad of SW7
[silk_over_copper]: Silkscreen clipped by solder mask
    Local override; warning
    @(138.1650 mm, 91.9950 mm): Polygon of SW7 on B.Silkscreen
    @(135.8900 mm, 90.1700 mm): NPTH pad of SW7
[silk_over_copper]: Silkscreen clipped by solder mask
    Local override; warning
    @(101.2150 mm, 59.1100 mm): Reference field of C13
    @(102.0450 mm, 59.0750 mm): Pad 2 [GND] of C12 on B.Cu
[silk_over_copper]: Silkscreen clipped by solder mask
    Local override; warning
    @(100.0650 mm, 91.9950 mm): Polygon of SW5 on B.Silkscreen
    @(91.4400 mm, 92.7100 mm): NPTH pad of SW5
[silk_over_copper]: Silkscreen clipped by solder mask
    Local override; warning
    @(100.0650 mm, 91.9950 mm): Polygon of SW5 on B.Silkscreen
    @(97.7900 mm, 90.1700 mm): NPTH pad of SW5
[silk_over_copper]: Silkscreen clipped by solder mask
    Local override; warning
    @(90.4350 mm, 79.3750 mm): Polygon of SW1 on B.Silkscreen
    @(99.0600 mm, 78.6600 mm): NPTH pad of SW1
[silk_over_copper]: Silkscreen clipped by solder mask
    Local override; warning
    @(90.4350 mm, 79.3750 mm): Polygon of SW1 on B.Silkscreen
    @(92.7100 mm, 81.2000 mm): NPTH pad of SW1
[silk_over_copper]: Silkscreen clipped by solder mask
    Local override; warning
    @(101.2150 mm, 59.1100 mm): Reference field of C13
    @(102.0450 mm, 60.6250 mm): Pad 1 [+5V] of C12 on B.Cu

** Found 0 unconnected pads **

** Found 0 Footprint errors **

** Ignored checks **
    - Footprint has no courtyard defined
    - Track endpoint not centered on via
    - Tuning profile track geometries
    - Footprint doesn't match symbol's footprint filters
    - Footprint component type doesn't match footprint pads

** End of Report **
